<?xml version="1.0" encoding="UTF-8"?>
<robot generator="Robot 7.4.1 (Python 3.14.3 on darwin)" generated="2026-02-15T01:21:22.202844" rpa="false" schemaversion="5">
<suite id="s1" name="Login" source="/Users/yourploydao/Desktop/CODE/Year3/T2/SE2/LinkLian-Robot/registration/FlowTest/Common/login.robot">
<test id="s1-t1" name="LoginSchoolAccount" line="29">
<kw name="Open App">
<kw name="Open Browser" owner="SeleniumLibrary">
<msg time="2026-02-15T01:21:22.383519" level="INFO">Opening browser 'Chrome' to base url 'https://regis.linklian.org/registration/login'.</msg>
<arg>${URL_LOGIN}</arg>
<arg>${BROWSER}</arg>
<doc>Opens a new browser instance to the optional ``url``.</doc>
<status status="PASS" start="2026-02-15T01:21:22.383368" elapsed="2.559773"/>
</kw>
<kw name="Maximize Browser Window" owner="SeleniumLibrary">
<doc>Maximizes current browser window.</doc>
<status status="PASS" start="2026-02-15T01:21:24.943714" elapsed="0.422551"/>
</kw>
<kw name="Set Selenium Speed" owner="SeleniumLibrary">
<arg>0.5s</arg>
<doc>Sets the delay that is waited after each Selenium command.</doc>
<status status="PASS" start="2026-02-15T01:21:25.367223" elapsed="0.002589"/>
</kw>
<status status="PASS" start="2026-02-15T01:21:22.382826" elapsed="2.987119"/>
</kw>
<kw name="Input Credentials">
<kw name="Wait Until Element Is Visible" owner="SeleniumLibrary">
<msg time="2026-02-15T01:21:36.318813" level="INFO" html="true">&lt;/td&gt;&lt;/tr&gt;&lt;tr&gt;&lt;td colspan="3"&gt;&lt;a href="selenium-screenshot-5.png"&gt;&lt;img src="selenium-screenshot-5.png" width="800px"&gt;&lt;/a&gt;</msg>
<msg time="2026-02-15T01:21:36.324087" level="FAIL">Element '//*[@id="mantine-bb6h6b0z2"]' not visible after 10 seconds.</msg>
<arg>${LOC_USERNAME}</arg>
<arg>10s</arg>
<doc>Waits until the element ``locator`` is visible.</doc>
<status status="FAIL" start="2026-02-15T01:21:25.370730" elapsed="10.968774">Element '//*[@id="mantine-bb6h6b0z2"]' not visible after 10 seconds.</status>
</kw>
<kw name="Clear Element Text" owner="SeleniumLibrary">
<arg>${LOC_USERNAME}</arg>
<doc>Clears the value of the text-input-element identified by ``locator``.</doc>
<status status="NOT RUN" start="2026-02-15T01:21:36.342104" elapsed="0.000238"/>
</kw>
<kw name="Input Text" owner="SeleniumLibrary">
<arg>${LOC_USERNAME}</arg>
<arg>${username}</arg>
<doc>Types the given ``text`` into the text field identified by ``locator``.</doc>
<status status="NOT RUN" start="2026-02-15T01:21:36.342592" elapsed="0.000026"/>
</kw>
<kw name="Clear Element Text" owner="SeleniumLibrary">
<arg>${LOC_PASSWORD}</arg>
<doc>Clears the value of the text-input-element identified by ``locator``.</doc>
<status status="NOT RUN" start="2026-02-15T01:21:36.342685" elapsed="0.000014"/>
</kw>
<kw name="Input Text" owner="SeleniumLibrary">
<arg>${LOC_PASSWORD}</arg>
<arg>${password}</arg>
<doc>Types the given ``text`` into the text field identified by ``locator``.</doc>
<status status="NOT RUN" start="2026-02-15T01:21:36.342758" elapsed="0.000012"/>
</kw>
<arg>${USERNAME_SCHOOL}</arg>
<arg>${PASSWORD_SCHOOL}</arg>
<status status="FAIL" start="2026-02-15T01:21:25.370350" elapsed="10.973053">Element '//*[@id="mantine-bb6h6b0z2"]' not visible after 10 seconds.</status>
</kw>
<kw name="Click Login Button">
<status status="NOT RUN" start="2026-02-15T01:21:36.344557" elapsed="0.000053"/>
</kw>
<kw name="Close App">
<status status="NOT RUN" start="2026-02-15T01:21:36.344696" elapsed="0.000014"/>
</kw>
<doc>Login with a school account.</doc>
<status status="FAIL" start="2026-02-15T01:21:22.382476" elapsed="13.962512">Element '//*[@id="mantine-bb6h6b0z2"]' not visible after 10 seconds.</status>
</test>
<test id="s1-t2" name="LoginUniversityAccount" line="37">
<kw name="Open App">
<kw name="Open Browser" owner="SeleniumLibrary">
<msg time="2026-02-15T01:21:36.349594" level="INFO">Opening browser 'Chrome' to base url 'https://regis.linklian.org/registration/login'.</msg>
<arg>${URL_LOGIN}</arg>
<arg>${BROWSER}</arg>
<doc>Opens a new browser instance to the optional ``url``.</doc>
<status status="PASS" start="2026-02-15T01:21:36.347459" elapsed="2.893619"/>
</kw>
<kw name="Maximize Browser Window" owner="SeleniumLibrary">
<doc>Maximizes current browser window.</doc>
<status status="PASS" start="2026-02-15T01:21:39.243221" elapsed="0.910981"/>
</kw>
<kw name="Set Selenium Speed" owner="SeleniumLibrary">
<arg>0.5s</arg>
<doc>Sets the delay that is waited after each Selenium command.</doc>
<status status="PASS" start="2026-02-15T01:21:40.158878" elapsed="0.001892"/>
</kw>
<status status="PASS" start="2026-02-15T01:21:36.346104" elapsed="3.814785"/>
</kw>
<kw name="Input Credentials">
<kw name="Wait Until Element Is Visible" owner="SeleniumLibrary">
<msg time="2026-02-15T01:21:45.202393" level="WARN">Keyword 'Capture Page Screenshot' could not be run on failure: Message: no such window: target window already closed
from unknown error: web view not found
  (Session info: chrome=145.0.7632.76)
Stacktrace:
0   chromedriver                        0x00000001051ebd64 cxxbridge1$str$ptr + 3127864
1   chromedriver                        0x00000001051e4154 cxxbridge1$str$ptr + 3096104
2   chromedriver                        0x0000000104cc19f4 _RNvCsdExgN8vFLbb_7___rustc35___rust_no_alloc_shim_is_unstable_v2 + 75356
3   chromedriver                        0x0000000104c9a8c4 chromedriver + 157892
4   chromedriver                        0x0000000104d32994 _RNvCsdExgN8vFLbb_7___rustc35___rust_no_alloc_shim_is_unstable_v2 + 538108
5   chromedriver                        0x0000000104d486b4 _RNvCsdExgN8vFLbb_7___rustc35___rust_no_alloc_shim_is_unstable_v2 + 627484
6   chromedriver                        0x0000000104cfe2bc _RNvCsdExgN8vFLbb_7___rustc35___rust_no_alloc_shim_is_unstable_v2 + 323364
7   chromedriver                        0x00000001051aa888 cxxbridge1$str$ptr + 2860380
8   chromedriver                        0x00000001051adfc8 cxxbridge1$str$ptr + 2874524
9   chromedriver                        0x000000010518fca4 cxxbridge1$str$ptr + 2750840
10  chromedriver                        0x00000001051ae84c cxxbridge1$str$ptr + 2876704
11  chromedriver                        0x00000001051802ac cxxbridge1$str$ptr + 2686848
12  chromedriver                        0x00000001051d2f48 cxxbridge1$str$ptr + 3025948
13  chromedriver                        0x00000001051d30c4 cxxbridge1$str$ptr + 3026328
14  chromedriver                        0x00000001051e3dac cxxbridge1$str$ptr + 3095168
15  libsystem_pthread.dylib             0x0000000190badc08 _pthread_start + 136
16  libsystem_pthread.dylib             0x0000000190ba8ba8 thread_start + 8
</msg>
<msg time="2026-02-15T01:21:45.203146" level="FAIL">NoSuchWindowException: Message: no such window: target window already closed
from unknown error: web view not found
  (Session info: chrome=145.0.7632.76)
Stacktrace:
0   chromedriver                        0x00000001051ebd64 cxxbridge1$str$ptr + 3127864
1   chromedriver                        0x00000001051e4154 cxxbridge1$str$ptr + 3096104
2   chromedriver                        0x0000000104cc19f4 _RNvCsdExgN8vFLbb_7___rustc35___rust_no_alloc_shim_is_unstable_v2 + 75356
3   chromedriver                        0x0000000104c9a8c4 chromedriver + 157892
4   chromedriver                        0x0000000104d32994 _RNvCsdExgN8vFLbb_7___rustc35___rust_no_alloc_shim_is_unstable_v2 + 538108
5   chromedriver                        0x0000000104d486b4 _RNvCsdExgN8vFLbb_7___rustc35___rust_no_alloc_shim_is_unstable_v2 + 627484
6   chromedriver                        0x0000000104cfe2bc _RNvCsdExgN8vFLbb_7___rustc35___rust_no_alloc_shim_is_unstable_v2 + 323364
7   chromedriver                        0x00000001051aa888 cxxbridge1$str$ptr + 2860380
8   chromedriver                        0x00000001051adfc8 cxxbridge1$str$ptr + 2874524
9   chromedriver                        0x000000010518fca4 cxxbridge1$str$ptr + 2750840
10  chromedriver                        0x00000001051ae84c cxxbridge1$str$ptr + 2876704
11  chromedriver                        0x00000001051802ac cxxbridge1$str$ptr + 2686848
12  chromedriver                        0x00000001051d2f48 cxxbridge1$str$ptr + 3025948
13  chromedriver                        0x00000001051d30c4 cxxbridge1$str$ptr + 3026328
14  chromedriver                        0x00000001051e3dac cxxbridge1$str$ptr + 3095168
15  libsystem_pthread.dylib             0x0000000190badc08 _pthread_start + 136
16  libsystem_pthread.dylib             0x0000000190ba8ba8 thread_start + 8
</msg>
<arg>${LOC_USERNAME}</arg>
<arg>10s</arg>
<doc>Waits until the element ``locator`` is visible.</doc>
<status status="FAIL" start="2026-02-15T01:21:40.162157" elapsed="5.051851">NoSuchWindowException: Message: no such window: target window already closed
from unknown error: web view not found
  (Session info: chrome=145.0.7632.76)
Stacktrace:
0   chromedriver                        0x00000001051ebd64 cxxbridge1$str$ptr + 3127864
1   chromedriver                        0x00000001051e4154 cxxbridge1$str$ptr + 3096104
2   chromedriver                        0x0000000104cc19f4 _RNvCsdExgN8vFLbb_7___rustc35___rust_no_alloc_shim_is_unstable_v2 + 75356
3   chromedriver                        0x0000000104c9a8c4 chromedriver + 157892
4   chromedriver                        0x0000000104d32994 _RNvCsdExgN8vFLbb_7___rustc35___rust_no_alloc_shim_is_unstable_v2 + 538108
5   chromedriver                        0x0000000104d486b4 _RNvCsdExgN8vFLbb_7___rustc35___rust_no_alloc_shim_is_unstable_v2 + 627484
6   chromedriver                        0x0000000104cfe2bc _RNvCsdExgN8vFLbb_7___rustc35___rust_no_alloc_shim_is_unstable_v2 + 323364
7   chromedriver                        0x00000001051aa888 cxxbridge1$str$ptr + 2860380
8   chromedriver                        0x00000001051adfc8 cxxbridge1$str$ptr + 2874524
9   chromedriver                        0x000000010518fca4 cxxbridge1$str$ptr + 2750840
10  chromedriver                        0x00000001051ae84c cxxbridge1$str$ptr + 2876704
11  chromedriver                        0x00000001051802ac cxxbridge1$str$ptr + 2686848
12  chromedriver                        0x00000001051d2f48 cxxbridge1$str$ptr + 3025948
13  chromedriver                        0x00000001051d30c4 cxxbridge1$str$ptr + 3026328
14  chromedriver                        0x00000001051e3dac cxxbridge1$str$ptr + 3095168
15  libsystem_pthread.dylib             0x0000000190badc08 _pthread_start + 136
16  libsystem_pthread.dylib             0x0000000190ba8ba8 thread_start + 8
</status>
</kw>
<kw name="Clear Element Text" owner="SeleniumLibrary">
<arg>${LOC_USERNAME}</arg>
<doc>Clears the value of the text-input-element identified by ``locator``.</doc>
<status status="NOT RUN" start="2026-02-15T01:21:45.214425" elapsed="0.000111"/>
</kw>
<kw name="Input Text" owner="SeleniumLibrary">
<arg>${LOC_USERNAME}</arg>
<arg>${username}</arg>
<doc>Types the given ``text`` into the text field identified by ``locator``.</doc>
<status status="NOT RUN" start="2026-02-15T01:21:45.214827" elapsed="0.000078"/>
</kw>
<kw name="Clear Element Text" owner="SeleniumLibrary">
<arg>${LOC_PASSWORD}</arg>
<doc>Clears the value of the text-input-element identified by ``locator``.</doc>
<status status="NOT RUN" start="2026-02-15T01:21:45.215102" elapsed="0.000037"/>
</kw>
<kw name="Input Text" owner="SeleniumLibrary">
<arg>${LOC_PASSWORD}</arg>
<arg>${password}</arg>
<doc>Types the given ``text`` into the text field identified by ``locator``.</doc>
<status status="NOT RUN" start="2026-02-15T01:21:45.215244" elapsed="0.000024"/>
</kw>
<arg>${USERNAME_UNI}</arg>
<arg>${PASSWORD_UNI}</arg>
<status status="FAIL" start="2026-02-15T01:21:40.161356" elapsed="5.054175">NoSuchWindowException: Message: no such window: target window already closed
from unknown error: web view not found
  (Session info: chrome=145.0.7632.76)
Stacktrace:
0   chromedriver                        0x00000001051ebd64 cxxbridge1$str$ptr + 3127864
1   chromedriver                        0x00000001051e4154 cxxbridge1$str$ptr + 3096104
2   chromedriver                        0x0000000104cc19f4 _RNvCsdExgN8vFLbb_7___rustc35___rust_no_alloc_shim_is_unstable_v2 + 75356
3   chromedriver                        0x0000000104c9a8c4 chromedriver + 157892
4   chromedriver                        0x0000000104d32994 _RNvCsdExgN8vFLbb_7___rustc35___rust_no_alloc_shim_is_unstable_v2 + 538108
5   chromedriver                        0x0000000104d486b4 _RNvCsdExgN8vFLbb_7___rustc35___rust_no_alloc_shim_is_unstable_v2 + 627484
6   chromedriver                        0x0000000104cfe2bc _RNvCsdExgN8vFLbb_7___rustc35___rust_no_alloc_shim_is_unstable_v2 + 323364
7   chromedriver                        0x00000001051aa888 cxxbridge1$str$ptr + 2860380
8   chromedriver                        0x00000001051adfc8 cxxbridge1$str$ptr + 2874524
9   chromedriver                        0x000000010518fca4 cxxbridge1$str$ptr + 2750840
10  chromedriver                        0x00000001051ae84c cxxbridge1$str$ptr + 2876704
11  chromedriver                        0x00000001051802ac cxxbridge1$str$ptr + 2686848
12  chromedriver                        0x00000001051d2f48 cxxbridge1$str$ptr + 3025948
13  chromedriver                        0x00000001051d30c4 cxxbridge1$str$ptr + 3026328
14  chromedriver                        0x00000001051e3dac cxxbridge1$str$ptr + 3095168
15  libsystem_pthread.dylib             0x0000000190badc08 _pthread_start + 136
16  libsystem_pthread.dylib             0x0000000190ba8ba8 thread_start + 8
</status>
</kw>
<kw name="Click Login Button">
<status status="NOT RUN" start="2026-02-15T01:21:45.215942" elapsed="0.000046"/>
</kw>
<kw name="Close App">
<status status="NOT RUN" start="2026-02-15T01:21:45.216178" elapsed="0.000041"/>
</kw>
<doc>Login with a university account.</doc>
<status status="FAIL" start="2026-02-15T01:21:36.345706" elapsed="8.870840">NoSuchWindowException: Message: no such window: target window already closed
from unknown error: web view not found
  (Session info: chrome=145.0.7632.76)
Stacktrace:
0   chromedriver                        0x00000001051ebd64 cxxbridge1$str$ptr + 3127864
1   chromedriver                        0x00000001051e4154 cxxbridge1$str$ptr + 3096104
2   chromedriver                        0x0000000104cc19f4 _RNvCsdExgN8vFLbb_7___rustc35___rust_no_alloc_shim_is_unstable_v2 + 75356
3   chromedriver                        0x0000000104c9a8c4 chromedriver + 157892
4   chromedriver                        0x0000000104d32994 _RNvCsdExgN8vFLbb_7___rustc35___rust_no_alloc_shim_is_unstable_v2 + 538108
5   chromedriver                        0x0000000104d486b4 _RNvCsdExgN8vFLbb_7___rustc35___rust_no_alloc_shim_is_unstable_v2 + 627484
6   chromedriver                        0x0000000104cfe2bc _RNvCsdExgN8vFLbb_7___rustc35___rust_no_alloc_shim_is_unstable_v2 + 323364
7   chromedriver                        0x00000001051aa888 cxxbridge1$str$ptr + 2860380
8   chromedriver                        0x00000001051adfc8 cxxbridge1$str$ptr + 2874524
9   chromedriver                        0x000000010518fca4 cxxbridge1$str$ptr + 2750840
10  chromedriver                        0x00000001051ae84c cxxbridge1$str$ptr + 2876704
11  chromedriver                        0x00000001051802ac cxxbridge1$str$ptr + 2686848
12  chromedriver                        0x00000001051d2f48 cxxbridge1$str$ptr + 3025948
13  chromedriver                        0x00000001051d30c4 cxxbridge1$str$ptr + 3026328
14  chromedriver                        0x00000001051e3dac cxxbridge1$str$ptr + 3095168
15  libsystem_pthread.dylib             0x0000000190badc08 _pthread_start + 136
16  libsystem_pthread.dylib             0x0000000190ba8ba8 thread_start + 8
</status>
</test>
<status status="FAIL" start="2026-02-15T01:21:22.204022" elapsed="23.013514"/>
</suite>
<statistics>
<total>
<stat pass="0" fail="2" skip="0">All Tests</stat>
</total>
<tag>
</tag>
<suite>
<stat name="Login" id="s1" pass="0" fail="2" skip="0">Login</stat>
</suite>
</statistics>
<errors>
<msg time="2026-02-15T01:21:45.202393" level="WARN">Keyword 'Capture Page Screenshot' could not be run on failure: Message: no such window: target window already closed
from unknown error: web view not found
  (Session info: chrome=145.0.7632.76)
Stacktrace:
0   chromedriver                        0x00000001051ebd64 cxxbridge1$str$ptr + 3127864
1   chromedriver                        0x00000001051e4154 cxxbridge1$str$ptr + 3096104
2   chromedriver                        0x0000000104cc19f4 _RNvCsdExgN8vFLbb_7___rustc35___rust_no_alloc_shim_is_unstable_v2 + 75356
3   chromedriver                        0x0000000104c9a8c4 chromedriver + 157892
4   chromedriver                        0x0000000104d32994 _RNvCsdExgN8vFLbb_7___rustc35___rust_no_alloc_shim_is_unstable_v2 + 538108
5   chromedriver                        0x0000000104d486b4 _RNvCsdExgN8vFLbb_7___rustc35___rust_no_alloc_shim_is_unstable_v2 + 627484
6   chromedriver                        0x0000000104cfe2bc _RNvCsdExgN8vFLbb_7___rustc35___rust_no_alloc_shim_is_unstable_v2 + 323364
7   chromedriver                        0x00000001051aa888 cxxbridge1$str$ptr + 2860380
8   chromedriver                        0x00000001051adfc8 cxxbridge1$str$ptr + 2874524
9   chromedriver                        0x000000010518fca4 cxxbridge1$str$ptr + 2750840
10  chromedriver                        0x00000001051ae84c cxxbridge1$str$ptr + 2876704
11  chromedriver                        0x00000001051802ac cxxbridge1$str$ptr + 2686848
12  chromedriver                        0x00000001051d2f48 cxxbridge1$str$ptr + 3025948
13  chromedriver                        0x00000001051d30c4 cxxbridge1$str$ptr + 3026328
14  chromedriver                        0x00000001051e3dac cxxbridge1$str$ptr + 3095168
15  libsystem_pthread.dylib             0x0000000190badc08 _pthread_start + 136
16  libsystem_pthread.dylib             0x0000000190ba8ba8 thread_start + 8
</msg>
</errors>
</robot>
